# JRE version: OpenJDK Runtime Environment (17.0.11) (build 17.0.11+0--11852314)
# Java VM: OpenJDK 64-Bit Server VM (17.0.11+0--11852314, mixed mode, tiered, compressed oops, compressed class ptrs, g1 gc, windows-amd64)
GC Precious Log:
 CPUs: 8 total, 8 available
 Memory: 16165M
 Large Page Support: Disabled
 NUMA Support: Disabled
 Compressed Oops: Enabled (32-bit)
 Heap Region Size: 1M
 Heap Min Capacity: 8M
 Heap Initial Capacity: 254M
 Heap Max Capacity: 2G
 Pre-touch: Disabled
 Parallel Workers: 8
 Concurrent Workers: 2
 Concurrent Refinement Workers: 8
 Periodic GC: Disabled
Heap:
 garbage-first heap   total 399360K, used 186231K [0x0000000080000000, 0x0000000100000000)
  region size 1024K, 15 young (15360K), 15 survivors (15360K)
 Metaspace       used 144406K, committed 145984K, reserved 1179648K
  class space    used 19657K, committed 20416K, reserved 1048576K
GC Heap History (20 events):
Event: 2243.202 GC heap after
{Heap after GC invocations=71 (full 0):
 garbage-first heap   total 399360K, used 168270K [0x0000000080000000, 0x0000000100000000)
  region size 1024K, 2 young (2048K), 2 survivors (2048K)
 Metaspace       used 137843K, committed 139136K, reserved 1179648K
  class space    used 19019K, committed 19648K, reserved 1048576K
}
Event: 2244.127 GC heap before
{Heap before GC invocations=71 (full 0):
 garbage-first heap   total 399360K, used 234830K [0x0000000080000000, 0x0000000100000000)
  region size 1024K, 69 young (70656K), 2 survivors (2048K)
 Metaspace       used 141141K, committed 142464K, reserved 1179648K
  class space    used 19329K, committed 19968K, reserved 1048576K
}
Event: 2244.134 GC heap after
{Heap after GC invocations=72 (full 0):
 garbage-first heap   total 399360K, used 172991K [0x0000000080000000, 0x0000000100000000)
  region size 1024K, 7 young (7168K), 7 survivors (7168K)
 Metaspace       used 141141K, committed 142464K, reserved 1179648K
  class space    used 19329K, committed 19968K, reserved 1048576K
}
Event: 2245.836 GC heap before
{Heap before GC invocations=73 (full 0):
 garbage-first heap   total 399360K, used 272319K [0x0000000080000000, 0x0000000100000000)
  region size 1024K, 116 young (118784K), 7 survivors (7168K)
 Metaspace       used 143015K, committed 144448K, reserved 1179648K
  class space    used 19545K, committed 20224K, reserved 1048576K
}
Event: 2245.842 GC heap after
{Heap after GC invocations=74 (full 0):
 garbage-first heap   total 399360K, used 162164K [0x0000000080000000, 0x0000000100000000)
  region size 1024K, 9 young (9216K), 9 survivors (9216K)
 Metaspace       used 143015K, committed 144448K, reserved 1179648K
  class space    used 19545K, committed 20224K, reserved 1048576K
}
Event: 2245.851 GC heap before
{Heap before GC invocations=74 (full 0):
 garbage-first heap   total 399360K, used 172404K [0x0000000080000000, 0x0000000100000000)
  region size 1024K, 19 young (19456K), 9 survivors (9216K)
 Metaspace       used 143017K, committed 144448K, reserved 1179648K
  class space    used 19545K, committed 20224K, reserved 1048576K
}
Event: 2245.865 GC heap after
{Heap after GC invocations=75 (full 0):
 garbage-first heap   total 399360K, used 144527K [0x0000000080000000, 0x0000000100000000)
  region size 1024K, 1 young (1024K), 1 survivors (1024K)
 Metaspace       used 143017K, committed 144448K, reserved 1179648K
  class space    used 19545K, committed 20224K, reserved 1048576K
}
Event: 2247.338 GC heap before
{Heap before GC invocations=75 (full 0):
 garbage-first heap   total 399360K, used 193679K [0x0000000080000000, 0x0000000100000000)
  region size 1024K, 51 young (52224K), 1 survivors (1024K)
 Metaspace       used 143226K, committed 144704K, reserved 1179648K
  class space    used 19586K, committed 20288K, reserved 1048576K
}
Event: 2247.341 GC heap after
{Heap after GC invocations=76 (full 0):
 garbage-first heap   total 399360K, used 145472K [0x0000000080000000, 0x0000000100000000)
  region size 1024K, 2 young (2048K), 2 survivors (2048K)
 Metaspace       used 143226K, committed 144704K, reserved 1179648K
  class space    used 19586K, committed 20288K, reserved 1048576K
}
Event: 2248.108 GC heap before
{Heap before GC invocations=77 (full 0):
 garbage-first heap   total 399360K, used 291904K [0x0000000080000000, 0x0000000100000000)
  region size 1024K, 143 young (146432K), 2 survivors (2048K)
 Metaspace       used 143937K, committed 145472K, reserved 1179648K
  class space    used 19618K, committed 20352K, reserved 1048576K
}
Event: 2248.111 GC heap after
{Heap after GC invocations=78 (full 0):
 garbage-first heap   total 399360K, used 147374K [0x0000000080000000, 0x0000000100000000)
  region size 1024K, 4 young (4096K), 4 survivors (4096K)
 Metaspace       used 143937K, committed 145472K, reserved 1179648K
  class space    used 19618K, committed 20352K, reserved 1048576K
}
Event: 2248.143 GC heap before
{Heap before GC invocations=78 (full 0):
 garbage-first heap   total 399360K, used 161710K [0x0000000080000000, 0x0000000100000000)
  region size 1024K, 19 young (19456K), 4 survivors (4096K)
 Metaspace       used 143967K, committed 145472K, reserved 1179648K
  class space    used 19618K, committed 20352K, reserved 1048576K
}
Event: 2248.153 GC heap after
{Heap after GC invocations=79 (full 0):
 garbage-first heap   total 399360K, used 148727K [0x0000000080000000, 0x0000000100000000)
  region size 1024K, 3 young (3072K), 3 survivors (3072K)
 Metaspace       used 143967K, committed 145472K, reserved 1179648K
  class space    used 19618K, committed 20352K, reserved 1048576K
}
Event: 2248.326 GC heap before
{Heap before GC invocations=79 (full 0):
 garbage-first heap   total 399360K, used 180471K [0x0000000080000000, 0x0000000100000000)
  region size 1024K, 35 young (35840K), 3 survivors (3072K)
 Metaspace       used 144081K, committed 145600K, reserved 1179648K
  class space    used 19628K, committed 20352K, reserved 1048576K
}
Event: 2248.331 GC heap after
{Heap after GC invocations=80 (full 0):
 garbage-first heap   total 399360K, used 152049K [0x0000000080000000, 0x0000000100000000)
  region size 1024K, 7 young (7168K), 7 survivors (7168K)
 Metaspace       used 144081K, committed 145600K, reserved 1179648K
  class space    used 19628K, committed 20352K, reserved 1048576K
}
Event: 2553.931 GC heap before
{Heap before GC invocations=81 (full 0):
 garbage-first heap   total 399360K, used 365041K [0x0000000080000000, 0x0000000100000000)
  region size 1024K, 140 young (143360K), 7 survivors (7168K)
 Metaspace       used 144368K, committed 145920K, reserved 1179648K
  class space    used 19657K, committed 20416K, reserved 1048576K
}
Event: 2553.946 GC heap after
{Heap after GC invocations=82 (full 0):
 garbage-first heap   total 399360K, used 174661K [0x0000000080000000, 0x0000000100000000)
  region size 1024K, 20 young (20480K), 20 survivors (20480K)
 Metaspace       used 144368K, committed 145920K, reserved 1179648K
  class space    used 19657K, committed 20416K, reserved 1048576K
}
Event: 2553.948 GC heap before
{Heap before GC invocations=82 (full 0):
 garbage-first heap   total 399360K, used 175685K [0x0000000080000000, 0x0000000100000000)
  region size 1024K, 21 young (21504K), 20 survivors (20480K)
 Metaspace       used 144368K, committed 145920K, reserved 1179648K
  class space    used 19657K, committed 20416K, reserved 1048576K
}
Event: 2553.960 GC heap after
{Heap after GC invocations=83 (full 0):
 garbage-first heap   total 399360K, used 173091K [0x0000000080000000, 0x0000000100000000)
  region size 1024K, 2 young (2048K), 2 survivors (2048K)
 Metaspace       used 144368K, committed 145920K, reserved 1179648K
  class space    used 19657K, committed 20416K, reserved 1048576K
}
Event: 2554.196 GC heap before
{Heap before GC invocations=83 (full 0):
 garbage-first heap   total 399360K, used 206883K [0x0000000080000000, 0x0000000100000000)
  region size 1024K, 36 young (36864K), 2 survivors (2048K)
 Metaspace       used 144406K, committed 145984K, reserved 1179648K
  class space    used 19657K, committed 20416K, reserved 1048576K
}

