# JRE version: OpenJDK Runtime Environment (17.0.11) (build 17.0.11+0--11852314)
# Java VM: OpenJDK 64-Bit Server VM (17.0.11+0--11852314, mixed mode, tiered, compressed oops, compressed class ptrs, g1 gc, windows-amd64)
GC Precious Log:
 CPUs: 8 total, 8 available
 Memory: 16165M
 Large Page Support: Disabled
 NUMA Support: Disabled
 Compressed Oops: Enabled (32-bit)
 Heap Region Size: 1M
 Heap Min Capacity: 8M
 Heap Initial Capacity: 254M
 Heap Max Capacity: 2G
 Pre-touch: Disabled
 Parallel Workers: 8
 Concurrent Workers: 2
 Concurrent Refinement Workers: 8
 Periodic GC: Disabled
Heap:
 garbage-first heap   total 423936K, used 165291K [0x0000000080000000, 0x0000000100000000)
  region size 1024K, 2 young (2048K), 2 survivors (2048K)
 Metaspace       used 136673K, committed 137728K, reserved 1179648K
  class space    used 18871K, committed 19392K, reserved 1048576K
GC Heap History (20 events):
Event: 527.048 GC heap after
{Heap after GC invocations=51 (full 0):
 garbage-first heap   total 423936K, used 152081K [0x0000000080000000, 0x0000000100000000)
  region size 1024K, 3 young (3072K), 3 survivors (3072K)
 Metaspace       used 134334K, committed 135360K, reserved 1179648K
  class space    used 18780K, committed 19264K, reserved 1048576K
}
Event: 529.061 GC heap before
{Heap before GC invocations=51 (full 0):
 garbage-first heap   total 423936K, used 340497K [0x0000000080000000, 0x0000000100000000)
  region size 1024K, 188 young (192512K), 3 survivors (3072K)
 Metaspace       used 134782K, committed 135808K, reserved 1179648K
  class space    used 18808K, committed 19328K, reserved 1048576K
}
Event: 529.071 GC heap after
{Heap after GC invocations=52 (full 0):
 garbage-first heap   total 423936K, used 164570K [0x0000000080000000, 0x0000000100000000)
  region size 1024K, 15 young (15360K), 15 survivors (15360K)
 Metaspace       used 134782K, committed 135808K, reserved 1179648K
  class space    used 18808K, committed 19328K, reserved 1048576K
}
Event: 828.763 GC heap before
{Heap before GC invocations=53 (full 0):
 garbage-first heap   total 423936K, used 389850K [0x0000000080000000, 0x0000000100000000)
  region size 1024K, 171 young (175104K), 15 survivors (15360K)
 Metaspace       used 135413K, committed 136512K, reserved 1179648K
  class space    used 18826K, committed 19328K, reserved 1048576K
}
Event: 828.777 GC heap after
{Heap after GC invocations=54 (full 0):
 garbage-first heap   total 423936K, used 170881K [0x0000000080000000, 0x0000000100000000)
  region size 1024K, 12 young (12288K), 12 survivors (12288K)
 Metaspace       used 135413K, committed 136512K, reserved 1179648K
  class space    used 18826K, committed 19328K, reserved 1048576K
}
Event: 828.828 GC heap before
{Heap before GC invocations=54 (full 0):
 garbage-first heap   total 423936K, used 179073K [0x0000000080000000, 0x0000000100000000)
  region size 1024K, 20 young (20480K), 12 survivors (12288K)
 Metaspace       used 135431K, committed 136512K, reserved 1179648K
  class space    used 18827K, committed 19328K, reserved 1048576K
}
Event: 828.838 GC heap after
{Heap after GC invocations=55 (full 0):
 garbage-first heap   total 423936K, used 159444K [0x0000000080000000, 0x0000000100000000)
  region size 1024K, 3 young (3072K), 3 survivors (3072K)
 Metaspace       used 135431K, committed 136512K, reserved 1179648K
  class space    used 18827K, committed 19328K, reserved 1048576K
}
Event: 830.330 GC heap before
{Heap before GC invocations=55 (full 0):
 garbage-first heap   total 423936K, used 229076K [0x0000000080000000, 0x0000000100000000)
  region size 1024K, 72 young (73728K), 3 survivors (3072K)
 Metaspace       used 135707K, committed 136832K, reserved 1179648K
  class space    used 18842K, committed 19392K, reserved 1048576K
}
Event: 830.336 GC heap after
{Heap after GC invocations=56 (full 0):
 garbage-first heap   total 423936K, used 161160K [0x0000000080000000, 0x0000000100000000)
  region size 1024K, 5 young (5120K), 5 survivors (5120K)
 Metaspace       used 135707K, committed 136832K, reserved 1179648K
  class space    used 18842K, committed 19392K, reserved 1048576K
}
Event: 944.311 GC heap before
{Heap before GC invocations=57 (full 0):
 garbage-first heap   total 423936K, used 391560K [0x0000000080000000, 0x0000000100000000)
  region size 1024K, 166 young (169984K), 5 survivors (5120K)
 Metaspace       used 136042K, committed 137152K, reserved 1179648K
  class space    used 18848K, committed 19392K, reserved 1048576K
}
Event: 944.327 GC heap after
{Heap after GC invocations=58 (full 0):
 garbage-first heap   total 423936K, used 175210K [0x0000000080000000, 0x0000000100000000)
  region size 1024K, 19 young (19456K), 19 survivors (19456K)
 Metaspace       used 136042K, committed 137152K, reserved 1179648K
  class space    used 18848K, committed 19392K, reserved 1048576K
}
Event: 944.332 GC heap before
{Heap before GC invocations=58 (full 0):
 garbage-first heap   total 423936K, used 176234K [0x0000000080000000, 0x0000000100000000)
  region size 1024K, 20 young (20480K), 19 survivors (19456K)
 Metaspace       used 136044K, committed 137152K, reserved 1179648K
  class space    used 18848K, committed 19392K, reserved 1048576K
}
Event: 944.348 GC heap after
{Heap after GC invocations=59 (full 0):
 garbage-first heap   total 423936K, used 162381K [0x0000000080000000, 0x0000000100000000)
  region size 1024K, 2 young (2048K), 2 survivors (2048K)
 Metaspace       used 136044K, committed 137152K, reserved 1179648K
  class space    used 18848K, committed 19392K, reserved 1048576K
}
Event: 944.504 GC heap before
{Heap before GC invocations=59 (full 0):
 garbage-first heap   total 423936K, used 179789K [0x0000000080000000, 0x0000000100000000)
  region size 1024K, 21 young (21504K), 2 survivors (2048K)
 Metaspace       used 136152K, committed 137280K, reserved 1179648K
  class space    used 18850K, committed 19392K, reserved 1048576K
}
Event: 944.506 GC heap after
{Heap after GC invocations=60 (full 0):
 garbage-first heap   total 423936K, used 162109K [0x0000000080000000, 0x0000000100000000)
  region size 1024K, 2 young (2048K), 2 survivors (2048K)
 Metaspace       used 136152K, committed 137280K, reserved 1179648K
  class space    used 18850K, committed 19392K, reserved 1048576K
}
Event: 1120.829 GC heap before
{Heap before GC invocations=61 (full 0):
 garbage-first heap   total 423936K, used 397629K [0x0000000080000000, 0x0000000100000000)
  region size 1024K, 168 young (172032K), 2 survivors (2048K)
 Metaspace       used 136562K, committed 137664K, reserved 1179648K
  class space    used 18870K, committed 19392K, reserved 1048576K
}
Event: 1120.841 GC heap after
{Heap after GC invocations=62 (full 0):
 garbage-first heap   total 423936K, used 178323K [0x0000000080000000, 0x0000000100000000)
  region size 1024K, 17 young (17408K), 17 survivors (17408K)
 Metaspace       used 136562K, committed 137664K, reserved 1179648K
  class space    used 18870K, committed 19392K, reserved 1048576K
}
Event: 1120.846 GC heap before
{Heap before GC invocations=62 (full 0):
 garbage-first heap   total 423936K, used 181395K [0x0000000080000000, 0x0000000100000000)
  region size 1024K, 20 young (20480K), 17 survivors (17408K)
 Metaspace       used 136569K, committed 137664K, reserved 1179648K
  class space    used 18870K, committed 19392K, reserved 1048576K
}
Event: 1120.860 GC heap after
{Heap after GC invocations=63 (full 0):
 garbage-first heap   total 423936K, used 165400K [0x0000000080000000, 0x0000000100000000)
  region size 1024K, 2 young (2048K), 2 survivors (2048K)
 Metaspace       used 136569K, committed 137664K, reserved 1179648K
  class space    used 18870K, committed 19392K, reserved 1048576K
}
Event: 1121.178 GC heap before
{Heap before GC invocations=63 (full 0):
 garbage-first heap   total 423936K, used 287256K [0x0000000080000000, 0x0000000100000000)
  region size 1024K, 123 young (125952K), 2 survivors (2048K)
 Metaspace       used 136673K, committed 137728K, reserved 1179648K
  class space    used 18871K, committed 19392K, reserved 1048576K
}

