# JRE version: OpenJDK Runtime Environment (17.0.11) (build 17.0.11+0--11852314)
# Java VM: OpenJDK 64-Bit Server VM (17.0.11+0--11852314, mixed mode, tiered, compressed oops, compressed class ptrs, g1 gc, windows-amd64)
GC Precious Log:
 CPUs: 8 total, 8 available
 Memory: 16165M
 Large Page Support: Disabled
 NUMA Support: Disabled
 Compressed Oops: Enabled (32-bit)
 Heap Region Size: 1M
 Heap Min Capacity: 8M
 Heap Initial Capacity: 254M
 Heap Max Capacity: 2G
 Pre-touch: Disabled
 Parallel Workers: 8
 Concurrent Workers: 2
 Concurrent Refinement Workers: 8
 Periodic GC: Disabled
Heap:
 garbage-first heap   total 364544K, used 152553K [0x0000000080000000, 0x0000000100000000)
  region size 1024K, 9 young (9216K), 9 survivors (9216K)
 Metaspace       used 148222K, committed 150400K, reserved 1179648K
  class space    used 20254K, committed 21312K, reserved 1048576K
GC Heap History (20 events):
Event: 6634.011 GC heap after
{Heap after GC invocations=87 (full 1):
 garbage-first heap   total 360448K, used 145194K [0x0000000080000000, 0x0000000100000000)
  region size 1024K, 2 young (2048K), 2 survivors (2048K)
 Metaspace       used 142834K, committed 144512K, reserved 1179648K
  class space    used 19505K, committed 20416K, reserved 1048576K
}
Event: 6635.313 GC heap before
{Heap before GC invocations=87 (full 1):
 garbage-first heap   total 360448K, used 173866K [0x0000000080000000, 0x0000000100000000)
  region size 1024K, 32 young (32768K), 2 survivors (2048K)
 Metaspace       used 142853K, committed 144576K, reserved 1179648K
  class space    used 19505K, committed 20416K, reserved 1048576K
}
Event: 6635.315 GC heap after
{Heap after GC invocations=88 (full 1):
 garbage-first heap   total 360448K, used 145792K [0x0000000080000000, 0x0000000100000000)
  region size 1024K, 2 young (2048K), 2 survivors (2048K)
 Metaspace       used 142853K, committed 144576K, reserved 1179648K
  class space    used 19505K, committed 20416K, reserved 1048576K
}
Event: 6690.673 GC heap before
{Heap before GC invocations=89 (full 1):
 garbage-first heap   total 360448K, used 342400K [0x0000000080000000, 0x0000000100000000)
  region size 1024K, 137 young (140288K), 2 survivors (2048K)
 Metaspace       used 142950K, committed 144640K, reserved 1179648K
  class space    used 19505K, committed 20416K, reserved 1048576K
}
Event: 6690.686 GC heap after
{Heap after GC invocations=90 (full 1):
 garbage-first heap   total 363520K, used 151393K [0x0000000080000000, 0x0000000100000000)
  region size 1024K, 15 young (15360K), 15 survivors (15360K)
 Metaspace       used 142950K, committed 144640K, reserved 1179648K
  class space    used 19505K, committed 20416K, reserved 1048576K
}
Event: 6690.701 GC heap before
{Heap before GC invocations=90 (full 1):
 garbage-first heap   total 363520K, used 153441K [0x0000000080000000, 0x0000000100000000)
  region size 1024K, 17 young (17408K), 15 survivors (15360K)
 Metaspace       used 142950K, committed 144640K, reserved 1179648K
  class space    used 19505K, committed 20416K, reserved 1048576K
}
Event: 6690.709 GC heap after
{Heap after GC invocations=91 (full 1):
 garbage-first heap   total 363520K, used 145938K [0x0000000080000000, 0x0000000100000000)
  region size 1024K, 2 young (2048K), 2 survivors (2048K)
 Metaspace       used 142950K, committed 144640K, reserved 1179648K
  class space    used 19505K, committed 20416K, reserved 1048576K
}
Event: 6691.593 GC heap before
{Heap before GC invocations=91 (full 1):
 garbage-first heap   total 363520K, used 171538K [0x0000000080000000, 0x0000000100000000)
  region size 1024K, 29 young (29696K), 2 survivors (2048K)
 Metaspace       used 142968K, committed 144640K, reserved 1179648K
  class space    used 19505K, committed 20416K, reserved 1048576K
}
Event: 6691.595 GC heap after
{Heap after GC invocations=92 (full 1):
 garbage-first heap   total 363520K, used 145958K [0x0000000080000000, 0x0000000100000000)
  region size 1024K, 2 young (2048K), 2 survivors (2048K)
 Metaspace       used 142968K, committed 144640K, reserved 1179648K
  class space    used 19505K, committed 20416K, reserved 1048576K
}
Event: 6877.728 GC heap before
{Heap before GC invocations=93 (full 1):
 garbage-first heap   total 363520K, used 344614K [0x0000000080000000, 0x0000000100000000)
  region size 1024K, 134 young (137216K), 2 survivors (2048K)
 Metaspace       used 143114K, committed 144832K, reserved 1179648K
  class space    used 19515K, committed 20416K, reserved 1048576K
}
Event: 6877.740 GC heap after
{Heap after GC invocations=94 (full 1):
 garbage-first heap   total 364544K, used 156268K [0x0000000080000000, 0x0000000100000000)
  region size 1024K, 14 young (14336K), 14 survivors (14336K)
 Metaspace       used 143114K, committed 144832K, reserved 1179648K
  class space    used 19515K, committed 20416K, reserved 1048576K
}
Event: 6877.752 GC heap before
{Heap before GC invocations=94 (full 1):
 garbage-first heap   total 364544K, used 158316K [0x0000000080000000, 0x0000000100000000)
  region size 1024K, 17 young (17408K), 14 survivors (14336K)
 Metaspace       used 143118K, committed 144832K, reserved 1179648K
  class space    used 19516K, committed 20416K, reserved 1048576K
}
Event: 6877.760 GC heap after
{Heap after GC invocations=95 (full 1):
 garbage-first heap   total 364544K, used 146510K [0x0000000080000000, 0x0000000100000000)
  region size 1024K, 2 young (2048K), 2 survivors (2048K)
 Metaspace       used 143118K, committed 144832K, reserved 1179648K
  class space    used 19516K, committed 20416K, reserved 1048576K
}
Event: 6879.175 GC heap before
{Heap before GC invocations=95 (full 1):
 garbage-first heap   total 364544K, used 291918K [0x0000000080000000, 0x0000000100000000)
  region size 1024K, 145 young (148480K), 2 survivors (2048K)
 Metaspace       used 143217K, committed 144896K, reserved 1179648K
  class space    used 19521K, committed 20416K, reserved 1048576K
}
Event: 6879.180 GC heap after
{Heap after GC invocations=96 (full 1):
 garbage-first heap   total 364544K, used 147377K [0x0000000080000000, 0x0000000100000000)
  region size 1024K, 3 young (3072K), 3 survivors (3072K)
 Metaspace       used 143217K, committed 144896K, reserved 1179648K
  class space    used 19521K, committed 20416K, reserved 1048576K
}
Event: 6931.943 GC heap before
{Heap before GC invocations=97 (full 1):
 garbage-first heap   total 364544K, used 343985K [0x0000000080000000, 0x0000000100000000)
  region size 1024K, 134 young (137216K), 3 survivors (3072K)
 Metaspace       used 146003K, committed 148032K, reserved 1179648K
  class space    used 19984K, committed 20992K, reserved 1048576K
}
Event: 6931.951 GC heap after
{Heap after GC invocations=98 (full 1):
 garbage-first heap   total 364544K, used 155049K [0x0000000080000000, 0x0000000100000000)
  region size 1024K, 13 young (13312K), 13 survivors (13312K)
 Metaspace       used 146003K, committed 148032K, reserved 1179648K
  class space    used 19984K, committed 20992K, reserved 1048576K
}
Event: 6932.009 GC heap before
{Heap before GC invocations=98 (full 1):
 garbage-first heap   total 364544K, used 159145K [0x0000000080000000, 0x0000000100000000)
  region size 1024K, 17 young (17408K), 13 survivors (13312K)
 Metaspace       used 146060K, committed 148096K, reserved 1179648K
  class space    used 19984K, committed 20992K, reserved 1048576K
}
Event: 6932.016 GC heap after
{Heap after GC invocations=99 (full 1):
 garbage-first heap   total 364544K, used 145720K [0x0000000080000000, 0x0000000100000000)
  region size 1024K, 2 young (2048K), 2 survivors (2048K)
 Metaspace       used 146060K, committed 148096K, reserved 1179648K
  class space    used 19984K, committed 20992K, reserved 1048576K
}
Event: 6934.161 GC heap before
{Heap before GC invocations=99 (full 1):
 garbage-first heap   total 364544K, used 250168K [0x0000000080000000, 0x0000000100000000)
  region size 1024K, 106 young (108544K), 2 survivors (2048K)
 Metaspace       used 148222K, committed 150400K, reserved 1179648K
  class space    used 20254K, committed 21312K, reserved 1048576K
}

